<?xml version="1.0" encoding="UTF-8"?>
<testsuite name="bj1.CardTest" tests="2" skipped="0" failures="0" errors="0" timestamp="2020-08-31T17:04:12" hostname="LAPTOP-G59GHKBI" time="0.024">
  <properties/>
  <testcase name="t1" classname="bj1.CardTest" time="0.021"/>
  <testcase name="t2" classname="bj1.CardTest" time="0.003"/>
  <system-out><![CDATA[x = aa
y = Hearts
]]></system-out>
  <system-err><![CDATA[]]></system-err>
</testsuite>
