<?xml version="1.0" encoding="UTF-8"?>
<testsuite name="bj1.CardTest" tests="1" skipped="0" failures="0" errors="0" timestamp="2020-08-27T16:58:05" hostname="LAPTOP-G59GHKBI" time="0.027">
  <properties/>
  <testcase name="t1" classname="bj1.CardTest" time="0.027"/>
  <system-out><![CDATA[]]></system-out>
  <system-err><![CDATA[]]></system-err>
</testsuite>
